<?xml version="1.0" encoding="UTF-8"?>
<testng-results skipped="0" failed="0" ignored="0" total="2" passed="2">
  <reporter-output>
  </reporter-output>
  <suite name="Suite" duration-ms="41449" started-at="2021-05-16T12:49:56 IST" finished-at="2021-05-16T12:50:38 IST">
    <groups>
    </groups>
    <test name="Test" duration-ms="41449" started-at="2021-05-16T12:49:56 IST" finished-at="2021-05-16T12:50:38 IST">
      <class name="com.cybersuccess.mvnproj.Demo">
        <test-method status="PASS" signature="mavenOne()[pri:0, instance:com.cybersuccess.mvnproj.Demo@5649fd9b]" name="mavenOne" duration-ms="14572" started-at="2021-05-16T12:49:56 IST" finished-at="2021-05-16T12:50:11 IST">
          <reporter-output>
          </reporter-output>
        </test-method> <!-- mavenOne -->
      </class> <!-- com.cybersuccess.mvnproj.Demo -->
      <class name="com.cybersuccess.mvnproj.Sample">
        <test-method status="PASS" signature="mavenTwo()[pri:0, instance:com.cybersuccess.mvnproj.Sample@6adede5]" name="mavenTwo" duration-ms="26763" started-at="2021-05-16T12:50:11 IST" finished-at="2021-05-16T12:50:38 IST">
          <reporter-output>
          </reporter-output>
        </test-method> <!-- mavenTwo -->
      </class> <!-- com.cybersuccess.mvnproj.Sample -->
    </test> <!-- Test -->
  </suite> <!-- Suite -->
</testng-results>
