<?xml version="1.0" encoding="UTF-8"?>
<testng-results skipped="0" failed="0" ignored="0" total="1" passed="1">
  <reporter-output>
  </reporter-output>
  <suite name="Suite" duration-ms="16247" started-at="2021-05-16T11:59:51 IST" finished-at="2021-05-16T12:00:07 IST">
    <groups>
    </groups>
    <test name="Test" duration-ms="16247" started-at="2021-05-16T11:59:51 IST" finished-at="2021-05-16T12:00:07 IST">
      <class name="com.cybersuccess.mvnproj.DemoTest">
        <test-method status="PASS" signature="mavenOne()[pri:0, instance:com.cybersuccess.mvnproj.DemoTest@5a8806ef]" name="mavenOne" duration-ms="16084" started-at="2021-05-16T11:59:51 IST" finished-at="2021-05-16T12:00:07 IST">
          <reporter-output>
          </reporter-output>
        </test-method> <!-- mavenOne -->
      </class> <!-- com.cybersuccess.mvnproj.DemoTest -->
    </test> <!-- Test -->
  </suite> <!-- Suite -->
</testng-results>
